Performing C SOURCE FILE Test CMAKE_HAVE_LIBC_PTHREAD failed with the following output:
Change Dir: /tmp/tmp.VUxo9KhYMh/cmake-build-release/CMakeFiles/CMakeTmp

Run Build Command(s):/usr/bin/make cmTC_6fa7d/fast && /usr/bin/make  -f CMakeFiles/cmTC_6fa7d.dir/build.make CMakeFiles/cmTC_6fa7d.dir/build
make[1]: Entering directory '/tmp/tmp.VUxo9KhYMh/cmake-build-release/CMakeFiles/CMakeTmp'
Building C object CMakeFiles/cmTC_6fa7d.dir/src.c.o
/usr/bin/cc   -DCMAKE_HAVE_LIBC_PTHREAD   -o CMakeFiles/cmTC_6fa7d.dir/src.c.o   -c /tmp/tmp.VUxo9KhYMh/cmake-build-release/CMakeFiles/CMakeTmp/src.c
Linking C executable cmTC_6fa7d
/usr/local/bin/cmake -E cmake_link_script CMakeFiles/cmTC_6fa7d.dir/link.txt --verbose=1
/usr/bin/cc  -DCMAKE_HAVE_LIBC_PTHREAD    -rdynamic CMakeFiles/cmTC_6fa7d.dir/src.c.o  -o cmTC_6fa7d 
CMakeFiles/cmTC_6fa7d.dir/src.c.o: In function `main':
src.c:(.text+0x48): undefined reference to `pthread_create'
src.c:(.text+0x50): undefined reference to `pthread_detach'
src.c:(.text+0x58): undefined reference to `pthread_cancel'
src.c:(.text+0x64): undefined reference to `pthread_join'
src.c:(.text+0x74): undefined reference to `pthread_atfork'
collect2: error: ld returned 1 exit status
CMakeFiles/cmTC_6fa7d.dir/build.make:106: recipe for target 'cmTC_6fa7d' failed
make[1]: *** [cmTC_6fa7d] Error 1
make[1]: Leaving directory '/tmp/tmp.VUxo9KhYMh/cmake-build-release/CMakeFiles/CMakeTmp'
Makefile:141: recipe for target 'cmTC_6fa7d/fast' failed
make: *** [cmTC_6fa7d/fast] Error 2


Source file was:
#include <pthread.h>

void* test_func(void* data)
{
  return data;
}

int main(void)
{
  pthread_t thread;
  pthread_create(&thread, NULL, test_func, NULL);
  pthread_detach(thread);
  pthread_cancel(thread);
  pthread_join(thread, NULL);
  pthread_atfork(NULL, NULL, NULL);
  pthread_exit(NULL);

  return 0;
}

Determining if the function pthread_create exists in the pthreads failed with the following output:
Change Dir: /tmp/tmp.VUxo9KhYMh/cmake-build-release/CMakeFiles/CMakeTmp

Run Build Command(s):/usr/bin/make cmTC_a3421/fast && /usr/bin/make  -f CMakeFiles/cmTC_a3421.dir/build.make CMakeFiles/cmTC_a3421.dir/build
make[1]: Entering directory '/tmp/tmp.VUxo9KhYMh/cmake-build-release/CMakeFiles/CMakeTmp'
Building C object CMakeFiles/cmTC_a3421.dir/CheckFunctionExists.c.o
/usr/bin/cc   -DCHECK_FUNCTION_EXISTS=pthread_create   -o CMakeFiles/cmTC_a3421.dir/CheckFunctionExists.c.o   -c /usr/local/share/cmake-3.17/Modules/CheckFunctionExists.c
Linking C executable cmTC_a3421
/usr/local/bin/cmake -E cmake_link_script CMakeFiles/cmTC_a3421.dir/link.txt --verbose=1
/usr/bin/cc  -DCHECK_FUNCTION_EXISTS=pthread_create    -rdynamic CMakeFiles/cmTC_a3421.dir/CheckFunctionExists.c.o  -o cmTC_a3421  -lpthreads 
/usr/bin/ld: cannot find -lpthreads
collect2: error: ld returned 1 exit status
CMakeFiles/cmTC_a3421.dir/build.make:106: recipe for target 'cmTC_a3421' failed
make[1]: *** [cmTC_a3421] Error 1
make[1]: Leaving directory '/tmp/tmp.VUxo9KhYMh/cmake-build-release/CMakeFiles/CMakeTmp'
Makefile:141: recipe for target 'cmTC_a3421/fast' failed
make: *** [cmTC_a3421/fast] Error 2



